<?xml version="1.0" encoding="UTF-8" ?>
<testsuite tests="6" failures="0" name="com.connectgroup.DataFiltererTest" time="0.141" errors="0" skipped="0">
  <properties>
[...]
</properties>
  <testcase classname="com.connectgroup.DataFiltererTest" name="shouldReturnNotEmptyCollection_WhenUSResponseTimeAbove700" time="0.125"/>
  <testcase classname="com.connectgroup.DataFiltererTest" name="shouldNotReturnEmptyCollection_WhenLoadingMultiLinesFile" time="0.016"/>
  <testcase classname="com.connectgroup.DataFiltererTest" name="shouldReturnEmptyCollection_WhenLogFileIsEmpty" time="0"/>
  <testcase classname="com.connectgroup.DataFiltererTest" name="shouldReturnEmptyCollection_WhenDEResponseTimeShouldBeNotBiggerThan414" time="0"/>
  <testcase classname="com.connectgroup.DataFiltererTest" name="shouldNotReturnEmptyCollection_WhenReadingGBFromMultiLinesFile" time="0"/>
  <testcase classname="com.connectgroup.DataFiltererTest" name="shouldReturnEmptyCollection_WhenLoadingZZCountrFromMultiLinesFiley" time="0"/>
</testsuite>